  defMesh.cpp
c:\users\felix\downloads\447-base-h2-v2\447-base-h2-v2\comp477_a1_vs2013\comp477_a1\src\defmesh.cpp(24): warning C4018: '<': signed/unsigned mismatch
c:\users\felix\downloads\447-base-h2-v2\447-base-h2-v2\comp477_a1_vs2013\comp477_a1\src\defmesh.cpp(33): warning C4018: '<=': signed/unsigned mismatch
c:\users\felix\downloads\447-base-h2-v2\447-base-h2-v2\comp477_a1_vs2013\comp477_a1\src\defmesh.cpp(36): warning C4018: '<': signed/unsigned mismatch
c:\users\felix\downloads\447-base-h2-v2\447-base-h2-v2\comp477_a1_vs2013\comp477_a1\src\defmesh.cpp(52): warning C4018: '<': signed/unsigned mismatch
c:\users\felix\downloads\447-base-h2-v2\447-base-h2-v2\comp477_a1_vs2013\comp477_a1\src\defmesh.cpp(86): warning C4018: '<': signed/unsigned mismatch
c:\users\felix\downloads\447-base-h2-v2\447-base-h2-v2\comp477_a1_vs2013\comp477_a1\src\defmesh.cpp(160): warning C4244: 'initializing': conversion from 'float' to 'int', possible loss of data
c:\users\felix\downloads\447-base-h2-v2\447-base-h2-v2\comp477_a1_vs2013\comp477_a1\src\defmesh.cpp(199): warning C4244: 'initializing': conversion from 'float' to 'int', possible loss of data
c:\users\felix\downloads\447-base-h2-v2\447-base-h2-v2\comp477_a1_vs2013\comp477_a1\src\defmesh.cpp(231): warning C4244: 'initializing': conversion from 'float' to 'int', possible loss of data
c:\users\felix\downloads\447-base-h2-v2\447-base-h2-v2\comp477_a1_vs2013\comp477_a1\src\defmesh.cpp(259): warning C4244: 'initializing': conversion from 'float' to 'int', possible loss of data
c:\users\felix\downloads\447-base-h2-v2\447-base-h2-v2\comp477_a1_vs2013\comp477_a1\src\defmesh.cpp(289): warning C4244: 'argument': conversion from 'double' to 'float', possible loss of data
c:\users\felix\downloads\447-base-h2-v2\447-base-h2-v2\comp477_a1_vs2013\comp477_a1\src\defmesh.cpp(319): warning C4244: 'initializing': conversion from 'double' to 'float', possible loss of data
c:\users\felix\downloads\447-base-h2-v2\447-base-h2-v2\comp477_a1_vs2013\comp477_a1\src\defmesh.cpp(320): warning C4244: 'initializing': conversion from 'double' to 'float', possible loss of data
c:\users\felix\downloads\447-base-h2-v2\447-base-h2-v2\comp477_a1_vs2013\comp477_a1\src\defmesh.cpp(321): warning C4244: 'initializing': conversion from 'double' to 'float', possible loss of data
c:\users\felix\downloads\447-base-h2-v2\447-base-h2-v2\comp477_a1_vs2013\comp477_a1\src\defmesh.cpp(322): warning C4244: 'initializing': conversion from 'double' to 'float', possible loss of data
  Generating code
  4 of 720 functions ( 0.6%) were compiled, the rest were copied from previous compilation.
    0 functions were new in current compilation
    17 functions had inline decision re-evaluated but remain unchanged
  Finished generating code
  COMP477_A1.vcxproj -> C:\Users\Felix\Downloads\447-Base-H2-v2\447-Base-H2-v2\COMP477_A1_VS2013\Release\COMP477_A1.exe
